07:48:40.603 [main] INFO  api.test.UserTests - ********************* creating User ****************
07:48:43.319 [main] INFO  api.test.UserTests - ********************* created User ****************
07:48:43.332 [main] INFO  api.test.UserTests - ********************* reading User info  ****************
07:48:44.566 [main] INFO  api.test.UserTests - ******************** User info is displayed ****************
07:48:44.574 [main] INFO  api.test.UserTests - ********************* updating User ****************
07:48:46.987 [main] INFO  api.test.UserTests - *********************  User is updated ***************
07:48:46.991 [main] INFO  api.test.UserTests - ********************* deleting User ****************
07:48:48.322 [main] INFO  api.test.UserTests - *********************  User deleted****************
08:06:01.166 [main] INFO  api.test.UserTests - ********************* creating User ****************
08:06:04.481 [main] INFO  api.test.UserTests - ********************* created User ****************
08:06:04.495 [main] INFO  api.test.UserTests - ********************* reading User info  ****************
08:06:05.730 [main] INFO  api.test.UserTests - ******************** User info is displayed ****************
08:06:05.734 [main] INFO  api.test.UserTests - ********************* updating User ****************
08:06:07.979 [main] INFO  api.test.UserTests - *********************  User is updated ***************
08:06:07.984 [main] INFO  api.test.UserTests - ********************* deleting User ****************
08:06:09.214 [main] INFO  api.test.UserTests - *********************  User deleted****************
08:06:38.422 [main] INFO  api.test.UserTests - ********************* creating User ****************
08:06:41.339 [main] INFO  api.test.UserTests - ********************* created User ****************
08:06:41.352 [main] INFO  api.test.UserTests - ********************* reading User info  ****************
08:06:42.613 [main] INFO  api.test.UserTests - ******************** User info is displayed ****************
08:06:42.621 [main] INFO  api.test.UserTests - ********************* updating User ****************
08:06:45.167 [main] INFO  api.test.UserTests - *********************  User is updated ***************
08:06:45.176 [main] INFO  api.test.UserTests - ********************* deleting User ****************
08:06:46.480 [main] INFO  api.test.UserTests - *********************  User deleted****************
08:53:08.400 [main] INFO  api.test.UserTests - ********************* creating User ****************
08:53:10.943 [main] INFO  api.test.UserTests - ********************* created User ****************
08:53:10.948 [main] INFO  api.test.UserTests - ********************* reading User info  ****************
08:53:12.026 [main] INFO  api.test.UserTests - ******************** User info is displayed ****************
08:53:12.031 [main] INFO  api.test.UserTests - ********************* updating User ****************
08:53:14.255 [main] INFO  api.test.UserTests - *********************  User is updated ***************
08:53:14.258 [main] INFO  api.test.UserTests - ********************* deleting User ****************
08:53:15.425 [main] INFO  api.test.UserTests - *********************  User deleted****************
17:30:02.678 [main] INFO  api.test.UserTests2UsingPropertiesFile - ********************* creating User ****************
17:30:05.535 [main] INFO  api.test.UserTests2UsingPropertiesFile - ********************* created User ****************
17:30:05.553 [main] INFO  api.test.UserTests2UsingPropertiesFile - ********************* reading User info  ****************
17:30:05.595 [main] INFO  api.test.UserTests2UsingPropertiesFile - ********************* updating User ****************
17:30:05.613 [main] INFO  api.test.UserTests2UsingPropertiesFile - ********************* deleting User ****************
17:34:27.383 [main] INFO  api.test.UserTests2UsingPropertiesFile - ********************* creating User ****************
17:34:30.538 [main] INFO  api.test.UserTests2UsingPropertiesFile - ********************* created User ****************
17:34:30.555 [main] INFO  api.test.UserTests2UsingPropertiesFile - ********************* reading User info  ****************
17:34:30.587 [main] INFO  api.test.UserTests2UsingPropertiesFile - ********************* updating User ****************
17:34:30.607 [main] INFO  api.test.UserTests2UsingPropertiesFile - ********************* deleting User ****************
17:36:14.029 [main] INFO  api.test.UserTests2UsingPropertiesFile - ********************* creating User ****************
17:36:16.675 [main] INFO  api.test.UserTests2UsingPropertiesFile - ********************* created User ****************
17:36:16.688 [main] INFO  api.test.UserTests2UsingPropertiesFile - ********************* reading User info  ****************
17:36:17.933 [main] INFO  api.test.UserTests2UsingPropertiesFile - ********************* updating User ****************
17:36:19.091 [main] INFO  api.test.UserTests2UsingPropertiesFile - ********************* deleting User ****************
17:37:58.919 [main] INFO  api.test.UserTests2UsingPropertiesFile - ********************* creating User ****************
17:38:01.630 [main] INFO  api.test.UserTests2UsingPropertiesFile - ********************* created User ****************
17:38:01.645 [main] INFO  api.test.UserTests2UsingPropertiesFile - ********************* reading User info  ****************
17:38:02.781 [main] INFO  api.test.UserTests2UsingPropertiesFile - ******************** User info is displayed ****************
17:38:02.784 [main] INFO  api.test.UserTests2UsingPropertiesFile - ********************* updating User ****************
17:38:05.056 [main] INFO  api.test.UserTests2UsingPropertiesFile - *********************  User is updated ***************
17:38:05.063 [main] INFO  api.test.UserTests2UsingPropertiesFile - ********************* deleting User ****************
17:38:06.157 [main] INFO  api.test.UserTests2UsingPropertiesFile - *********************  User deleted****************
06:38:05.959 [main] INFO  api.test.UserTests - ********************* creating User ****************
06:38:07.236 [main] INFO  api.test.UserTests - ********************* created User ****************
06:38:07.238 [main] INFO  api.test.UserTests - ********************* reading User info  ****************
06:38:08.307 [main] INFO  api.test.UserTests - ******************** User info is displayed ****************
06:38:08.309 [main] INFO  api.test.UserTests - ********************* updating User ****************
06:38:10.862 [main] INFO  api.test.UserTests - *********************  User is updated ***************
06:38:10.866 [main] INFO  api.test.UserTests - ********************* deleting User ****************
06:38:12.090 [main] INFO  api.test.UserTests - *********************  User deleted****************
06:45:15.526 [main] INFO  api.test.UserTests - ********************* creating User ****************
06:45:16.888 [main] INFO  api.test.UserTests - ********************* created User ****************
06:45:16.891 [main] INFO  api.test.UserTests - ********************* reading User info  ****************
06:45:18.181 [main] INFO  api.test.UserTests - ******************** User info is displayed ****************
06:45:18.182 [main] INFO  api.test.UserTests - ********************* updating User ****************
06:45:20.651 [main] INFO  api.test.UserTests - *********************  User is updated ***************
06:45:20.653 [main] INFO  api.test.UserTests - ********************* deleting User ****************
06:45:21.859 [main] INFO  api.test.UserTests - *********************  User deleted****************
06:48:50.873 [main] INFO  api.test.UserTests - ********************* creating User ****************
06:48:52.224 [main] INFO  api.test.UserTests - ********************* created User ****************
06:48:52.228 [main] INFO  api.test.UserTests - ********************* reading User info  ****************
06:48:53.499 [main] INFO  api.test.UserTests - ******************** User info is displayed ****************
06:48:53.501 [main] INFO  api.test.UserTests - ********************* updating User ****************
06:48:56.084 [main] INFO  api.test.UserTests - *********************  User is updated ***************
06:48:56.085 [main] INFO  api.test.UserTests - ********************* deleting User ****************
06:48:57.303 [main] INFO  api.test.UserTests - *********************  User deleted****************
09:37:52.488 [main] INFO  api.test.UserTests - ********************* creating User ****************
09:37:53.726 [main] INFO  api.test.UserTests - ********************* created User ****************
09:37:53.728 [main] INFO  api.test.UserTests - ********************* reading User info  ****************
09:37:54.870 [main] INFO  api.test.UserTests - ******************** User info is displayed ****************
09:37:54.873 [main] INFO  api.test.UserTests - ********************* updating User ****************
09:37:57.194 [main] INFO  api.test.UserTests - *********************  User is updated ***************
09:37:57.197 [main] INFO  api.test.UserTests - ********************* deleting User ****************
09:37:58.401 [main] INFO  api.test.UserTests - *********************  User deleted****************
09:44:46.345 [main] INFO  api.test.UserTests - ********************* creating User ****************
09:44:47.526 [main] INFO  api.test.UserTests - ********************* created User ****************
09:44:47.528 [main] INFO  api.test.UserTests - ********************* reading User info  ****************
09:44:48.808 [main] INFO  api.test.UserTests - ******************** User info is displayed ****************
09:44:48.810 [main] INFO  api.test.UserTests - ********************* updating User ****************
09:44:51.257 [main] INFO  api.test.UserTests - *********************  User is updated ***************
09:44:51.259 [main] INFO  api.test.UserTests - ********************* deleting User ****************
09:44:52.489 [main] INFO  api.test.UserTests - *********************  User deleted****************
09:55:02.845 [main] INFO  api.test.UserTests - ********************* creating User ****************
09:55:04.074 [main] INFO  api.test.UserTests - ********************* created User ****************
09:55:04.076 [main] INFO  api.test.UserTests - ********************* reading User info  ****************
09:55:05.361 [main] INFO  api.test.UserTests - ******************** User info is displayed ****************
09:55:05.364 [main] INFO  api.test.UserTests - ********************* updating User ****************
09:55:07.919 [main] INFO  api.test.UserTests - *********************  User is updated ***************
09:55:07.922 [main] INFO  api.test.UserTests - ********************* deleting User ****************
09:55:09.067 [main] INFO  api.test.UserTests - *********************  User deleted****************
10:00:29.669 [main] INFO  api.test.UserTests - ********************* creating User ****************
10:00:30.851 [main] INFO  api.test.UserTests - ********************* created User ****************
10:00:30.852 [main] INFO  api.test.UserTests - ********************* reading User info  ****************
10:00:32.134 [main] INFO  api.test.UserTests - ******************** User info is displayed ****************
10:00:32.136 [main] INFO  api.test.UserTests - ********************* updating User ****************
10:00:34.601 [main] INFO  api.test.UserTests - *********************  User is updated ***************
10:00:34.603 [main] INFO  api.test.UserTests - ********************* deleting User ****************
10:00:35.827 [main] INFO  api.test.UserTests - *********************  User deleted****************
10:04:11.154 [main] INFO  api.test.UserTests - ********************* creating User ****************
10:04:12.421 [main] INFO  api.test.UserTests - ********************* created User ****************
10:04:12.423 [main] INFO  api.test.UserTests - ********************* reading User info  ****************
10:04:13.629 [main] INFO  api.test.UserTests - ******************** User info is displayed ****************
10:04:13.632 [main] INFO  api.test.UserTests - ********************* updating User ****************
10:04:15.987 [main] INFO  api.test.UserTests - *********************  User is updated ***************
10:04:15.989 [main] INFO  api.test.UserTests - ********************* deleting User ****************
10:04:17.216 [main] INFO  api.test.UserTests - *********************  User deleted****************
10:06:05.996 [main] INFO  api.test.UserTests - ********************* creating User ****************
10:06:07.454 [main] INFO  api.test.UserTests - ********************* created User ****************
10:06:07.456 [main] INFO  api.test.UserTests - ********************* reading User info  ****************
10:06:08.711 [main] INFO  api.test.UserTests - ******************** User info is displayed ****************
10:06:08.712 [main] INFO  api.test.UserTests - ********************* updating User ****************
10:06:11.270 [main] INFO  api.test.UserTests - *********************  User is updated ***************
10:06:11.272 [main] INFO  api.test.UserTests - ********************* deleting User ****************
10:06:12.406 [main] INFO  api.test.UserTests - *********************  User deleted****************
